<?xml version="1.0" encoding="UTF-8"?>
<!-- Generated by org.testng.reporters.JUnitXMLReporter -->
<testsuite hostname="LAPTOP-3F9KQQT0" name="Default test" tests="2" failures="1" timestamp="6 Apr 2023 11:35:33 GMT" time="14.94" errors="0">
  <testcase name="browserTest" time="13.165" classname="org.test.Excel"/>
  <testcase name="browserTest2" time="1.761" classname="org.test.Excel">
    <failure type="junit.framework.AssertionFailedError">
      <![CDATA[junit.framework.AssertionFailedError
	at junit.framework.Assert.fail(Assert.java:55)
	at junit.framework.Assert.assertTrue(Assert.java:22)
	at junit.framework.Assert.assertTrue(Assert.java:31)
	at org.test.Excel.browserTest2(Excel.java:42)
... Removed 24 stack frames]]>
    </failure>
  </testcase> <!-- browserTest2 -->
</testsuite> <!-- Default test -->
