<?xml version="1.0" encoding="UTF-8"?>
<!-- Generated by org.testng.reporters.JUnitXMLReporter -->
<testsuite hostname="LAPTOP-3F9KQQT0" name="Test" tests="4" failures="0" timestamp="6 Apr 2023 11:30:24 GMT" time="69.627" errors="0">
  <testcase name="browserTest2" time="45.517" classname="org.test.Testng"/>
  <testcase name="browserTest2" time="65.171" classname="org.test.Excel"/>
  <testcase name="browserTest" time="65.976" classname="org.test.Testng"/>
  <testcase name="browserTest" time="69.611" classname="org.test.Excel"/>
</testsuite> <!-- Test -->
